{"C:\\Users\\Tyler\\repos\\sdmay23-40\\server\\api\\health\\getHealthCheck.js": {"path":"C:\\Users\\Tyler\\repos\\sdmay23-40\\server\\api\\health\\getHealthCheck.js","statementMap":{"0":{"start":{"line":1,"column":23},"end":{"line":3,"column":1}},"1":{"start":{"line":2,"column":3},"end":{"line":2,"column":49}},"2":{"start":{"line":5,"column":0},"end":{"line":5,"column":35}}},"fnMap":{"0":{"name":"(anonymous_0)","decl":{"start":{"line":1,"column":23},"end":{"line":1,"column":24}},"loc":{"start":{"line":1,"column":44},"end":{"line":3,"column":1}},"line":1}},"branchMap":{},"s":{"0":1,"1":1,"2":1},"f":{"0":1},"b":{},"_coverageSchema":"1a1c01bbd47fc00a2c39e90264f33305004495a9","hash":"1b109fcfdda314ae47f78d6c7bef0b341cc8a399"}
,"C:\\Users\\Tyler\\repos\\sdmay23-40\\server\\api\\lecture\\addLecture.js": {"path":"C:\\Users\\Tyler\\repos\\sdmay23-40\\server\\api\\lecture\\addLecture.js","statementMap":{"0":{"start":{"line":1,"column":23},"end":{"line":1,"column":59}},"1":{"start":{"line":2,"column":33},"end":{"line":2,"column":67}},"2":{"start":{"line":14,"column":19},"end":{"line":29,"column":1}},"3":{"start":{"line":15,"column":4},"end":{"line":28,"column":5}},"4":{"start":{"line":16,"column":47},"end":{"line":16,"column":55}},"5":{"start":{"line":17,"column":8},"end":{"line":19,"column":9}},"6":{"start":{"line":18,"column":12},"end":{"line":18,"column":64}},"7":{"start":{"line":20,"column":8},"end":{"line":22,"column":9}},"8":{"start":{"line":21,"column":12},"end":{"line":21,"column":82}},"9":{"start":{"line":23,"column":25},"end":{"line":23,"column":73}},"10":{"start":{"line":24,"column":8},"end":{"line":24,"column":62}},"11":{"start":{"line":26,"column":8},"end":{"line":26,"column":25}},"12":{"start":{"line":27,"column":8},"end":{"line":27,"column":70}},"13":{"start":{"line":31,"column":0},"end":{"line":33,"column":1}}},"fnMap":{"0":{"name":"(anonymous_0)","decl":{"start":{"line":14,"column":19},"end":{"line":14,"column":20}},"loc":{"start":{"line":14,"column":39},"end":{"line":29,"column":1}},"line":14}},"branchMap":{"0":{"loc":{"start":{"line":17,"column":8},"end":{"line":19,"column":9}},"type":"if","locations":[{"start":{"line":17,"column":8},"end":{"line":19,"column":9}},{"start":{},"end":{}}],"line":17},"1":{"loc":{"start":{"line":17,"column":12},"end":{"line":17,"column":31}},"type":"binary-expr","locations":[{"start":{"line":17,"column":12},"end":{"line":17,"column":21}},{"start":{"line":17,"column":25},"end":{"line":17,"column":31}}],"line":17},"2":{"loc":{"start":{"line":20,"column":8},"end":{"line":22,"column":9}},"type":"if","locations":[{"start":{"line":20,"column":8},"end":{"line":22,"column":9}},{"start":{},"end":{}}],"line":20}},"s":{"0":1,"1":1,"2":1,"3":4,"4":4,"5":4,"6":1,"7":3,"8":1,"9":2,"10":1,"11":1,"12":1,"13":1},"f":{"0":4},"b":{"0":[1,3],"1":[4,4],"2":[1,2]},"_coverageSchema":"1a1c01bbd47fc00a2c39e90264f33305004495a9","hash":"37cc6c29b551c40fe4a93e8111f8babaed6853b5"}
,"C:\\Users\\Tyler\\repos\\sdmay23-40\\server\\api\\lecture\\getLecture.js": {"path":"C:\\Users\\Tyler\\repos\\sdmay23-40\\server\\api\\lecture\\getLecture.js","statementMap":{"0":{"start":{"line":1,"column":23},"end":{"line":1,"column":59}},"1":{"start":{"line":2,"column":21},"end":{"line":2,"column":59}},"2":{"start":{"line":3,"column":23},"end":{"line":3,"column":57}},"3":{"start":{"line":16,"column":19},"end":{"line":35,"column":1}},"4":{"start":{"line":17,"column":4},"end":{"line":34,"column":5}},"5":{"start":{"line":18,"column":63},"end":{"line":18,"column":72}},"6":{"start":{"line":19,"column":8},"end":{"line":21,"column":9}},"7":{"start":{"line":20,"column":12},"end":{"line":20,"column":70}},"8":{"start":{"line":22,"column":8},"end":{"line":24,"column":9}},"9":{"start":{"line":23,"column":12},"end":{"line":23,"column":108}},"10":{"start":{"line":25,"column":21},"end":{"line":25,"column":63}},"11":{"start":{"line":26,"column":8},"end":{"line":30,"column":11}},"12":{"start":{"line":32,"column":8},"end":{"line":32,"column":25}},"13":{"start":{"line":33,"column":8},"end":{"line":33,"column":70}},"14":{"start":{"line":37,"column":22},"end":{"line":46,"column":1}},"15":{"start":{"line":38,"column":59},"end":{"line":38,"column":68}},"16":{"start":{"line":39,"column":4},"end":{"line":41,"column":5}},"17":{"start":{"line":40,"column":8},"end":{"line":40,"column":57}},"18":{"start":{"line":42,"column":4},"end":{"line":44,"column":5}},"19":{"start":{"line":43,"column":8},"end":{"line":43,"column":104}},"20":{"start":{"line":45,"column":4},"end":{"line":45,"column":85}},"21":{"start":{"line":48,"column":0},"end":{"line":51,"column":1}}},"fnMap":{"0":{"name":"(anonymous_0)","decl":{"start":{"line":16,"column":19},"end":{"line":16,"column":20}},"loc":{"start":{"line":16,"column":39},"end":{"line":35,"column":1}},"line":16},"1":{"name":"(anonymous_1)","decl":{"start":{"line":37,"column":22},"end":{"line":37,"column":23}},"loc":{"start":{"line":37,"column":42},"end":{"line":46,"column":1}},"line":37}},"branchMap":{"0":{"loc":{"start":{"line":19,"column":8},"end":{"line":21,"column":9}},"type":"if","locations":[{"start":{"line":19,"column":8},"end":{"line":21,"column":9}},{"start":{},"end":{}}],"line":19},"1":{"loc":{"start":{"line":19,"column":12},"end":{"line":19,"column":35}},"type":"binary-expr","locations":[{"start":{"line":19,"column":12},"end":{"line":19,"column":22}},{"start":{"line":19,"column":26},"end":{"line":19,"column":35}}],"line":19},"2":{"loc":{"start":{"line":22,"column":8},"end":{"line":24,"column":9}},"type":"if","locations":[{"start":{"line":22,"column":8},"end":{"line":24,"column":9}},{"start":{},"end":{}}],"line":22},"3":{"loc":{"start":{"line":39,"column":4},"end":{"line":41,"column":5}},"type":"if","locations":[{"start":{"line":39,"column":4},"end":{"line":41,"column":5}},{"start":{},"end":{}}],"line":39},"4":{"loc":{"start":{"line":39,"column":8},"end":{"line":39,"column":31}},"type":"binary-expr","locations":[{"start":{"line":39,"column":8},"end":{"line":39,"column":18}},{"start":{"line":39,"column":22},"end":{"line":39,"column":31}}],"line":39},"5":{"loc":{"start":{"line":42,"column":4},"end":{"line":44,"column":5}},"type":"if","locations":[{"start":{"line":42,"column":4},"end":{"line":44,"column":5}},{"start":{},"end":{}}],"line":42}},"s":{"0":1,"1":1,"2":1,"3":1,"4":4,"5":4,"6":4,"7":1,"8":3,"9":1,"10":2,"11":1,"12":1,"13":1,"14":1,"15":3,"16":3,"17":1,"18":2,"19":1,"20":1,"21":1},"f":{"0":4,"1":3},"b":{"0":[1,3],"1":[4,3],"2":[1,2],"3":[1,2],"4":[3,2],"5":[1,1]},"_coverageSchema":"1a1c01bbd47fc00a2c39e90264f33305004495a9","hash":"db38c97c84bc7e1f41e04269623bddbc1d030a06"}
,"C:\\Users\\Tyler\\repos\\sdmay23-40\\server\\api\\lecture\\services\\lectureService.js": {"path":"C:\\Users\\Tyler\\repos\\sdmay23-40\\server\\api\\lecture\\services\\lectureService.js","statementMap":{"0":{"start":{"line":1,"column":21},"end":{"line":1,"column":60}},"1":{"start":{"line":9,"column":19},"end":{"line":18,"column":1}},"2":{"start":{"line":10,"column":4},"end":{"line":17,"column":5}},"3":{"start":{"line":11,"column":22},"end":{"line":11,"column":78}},"4":{"start":{"line":12,"column":21},"end":{"line":12,"column":61}},"5":{"start":{"line":13,"column":8},"end":{"line":13,"column":28}},"6":{"start":{"line":15,"column":8},"end":{"line":15,"column":25}},"7":{"start":{"line":16,"column":8},"end":{"line":16,"column":15}},"8":{"start":{"line":26,"column":20},"end":{"line":35,"column":1}},"9":{"start":{"line":27,"column":4},"end":{"line":34,"column":5}},"10":{"start":{"line":28,"column":22},"end":{"line":28,"column":68}},"11":{"start":{"line":29,"column":21},"end":{"line":29,"column":55}},"12":{"start":{"line":30,"column":8},"end":{"line":30,"column":19}},"13":{"start":{"line":32,"column":8},"end":{"line":32,"column":25}},"14":{"start":{"line":33,"column":8},"end":{"line":33,"column":15}},"15":{"start":{"line":37,"column":0},"end":{"line":40,"column":1}}},"fnMap":{"0":{"name":"(anonymous_0)","decl":{"start":{"line":9,"column":19},"end":{"line":9,"column":20}},"loc":{"start":{"line":9,"column":46},"end":{"line":18,"column":1}},"line":9},"1":{"name":"(anonymous_1)","decl":{"start":{"line":26,"column":20},"end":{"line":26,"column":21}},"loc":{"start":{"line":26,"column":41},"end":{"line":35,"column":1}},"line":26}},"branchMap":{},"s":{"0":3,"1":3,"2":2,"3":2,"4":2,"5":1,"6":1,"7":1,"8":3,"9":2,"10":2,"11":2,"12":1,"13":1,"14":1,"15":3},"f":{"0":2,"1":2},"b":{},"_coverageSchema":"1a1c01bbd47fc00a2c39e90264f33305004495a9","hash":"22b90d321c4d44d78218cf7672a7f6f83cd99d2a"}
,"C:\\Users\\Tyler\\repos\\sdmay23-40\\server\\api\\poll\\services\\pollService.js": {"path":"C:\\Users\\Tyler\\repos\\sdmay23-40\\server\\api\\poll\\services\\pollService.js","statementMap":{"0":{"start":{"line":1,"column":21},"end":{"line":1,"column":60}},"1":{"start":{"line":2,"column":20},"end":{"line":2,"column":49}},"2":{"start":{"line":13,"column":16},"end":{"line":44,"column":1}},"3":{"start":{"line":14,"column":4},"end":{"line":43,"column":5}},"4":{"start":{"line":15,"column":20},"end":{"line":28,"column":23}},"5":{"start":{"line":29,"column":21},"end":{"line":29,"column":79}},"6":{"start":{"line":30,"column":26},"end":{"line":30,"column":28}},"7":{"start":{"line":31,"column":8},"end":{"line":36,"column":9}},"8":{"start":{"line":32,"column":84},"end":{"line":32,"column":94}},"9":{"start":{"line":33,"column":26},"end":{"line":33,"column":113}},"10":{"start":{"line":34,"column":24},"end":{"line":34,"column":93}},"11":{"start":{"line":35,"column":12},"end":{"line":35,"column":41}},"12":{"start":{"line":37,"column":8},"end":{"line":40,"column":9}},"13":{"start":{"line":42,"column":8},"end":{"line":42,"column":15}},"14":{"start":{"line":51,"column":23},"end":{"line":65,"column":1}},"15":{"start":{"line":52,"column":18},"end":{"line":62,"column":66}},"16":{"start":{"line":63,"column":17},"end":{"line":63,"column":64}},"17":{"start":{"line":64,"column":4},"end":{"line":64,"column":16}},"18":{"start":{"line":71,"column":18},"end":{"line":74,"column":1}},"19":{"start":{"line":72,"column":18},"end":{"line":72,"column":87}},"20":{"start":{"line":73,"column":4},"end":{"line":73,"column":42}},"21":{"start":{"line":76,"column":0},"end":{"line":80,"column":1}}},"fnMap":{"0":{"name":"(anonymous_0)","decl":{"start":{"line":13,"column":16},"end":{"line":13,"column":17}},"loc":{"start":{"line":13,"column":74},"end":{"line":44,"column":1}},"line":13},"1":{"name":"(anonymous_1)","decl":{"start":{"line":51,"column":23},"end":{"line":51,"column":24}},"loc":{"start":{"line":51,"column":41},"end":{"line":65,"column":1}},"line":51},"2":{"name":"(anonymous_2)","decl":{"start":{"line":71,"column":18},"end":{"line":71,"column":19}},"loc":{"start":{"line":71,"column":36},"end":{"line":74,"column":1}},"line":71}},"branchMap":{},"s":{"0":1,"1":1,"2":1,"3":0,"4":0,"5":0,"6":0,"7":0,"8":0,"9":0,"10":0,"11":0,"12":0,"13":0,"14":1,"15":0,"16":0,"17":0,"18":1,"19":0,"20":0,"21":1},"f":{"0":0,"1":0,"2":0},"b":{},"_coverageSchema":"1a1c01bbd47fc00a2c39e90264f33305004495a9","hash":"9880de335f4157e718ba51cb9d1a151a2bd6661a"}
,"C:\\Users\\Tyler\\repos\\sdmay23-40\\server\\api\\user\\addUser.js": {"path":"C:\\Users\\Tyler\\repos\\sdmay23-40\\server\\api\\user\\addUser.js","statementMap":{"0":{"start":{"line":1,"column":20},"end":{"line":1,"column":53}},"1":{"start":{"line":13,"column":16},"end":{"line":25,"column":1}},"2":{"start":{"line":14,"column":4},"end":{"line":24,"column":5}},"3":{"start":{"line":15,"column":97},"end":{"line":15,"column":105}},"4":{"start":{"line":16,"column":8},"end":{"line":18,"column":9}},"5":{"start":{"line":17,"column":12},"end":{"line":17,"column":64}},"6":{"start":{"line":19,"column":25},"end":{"line":19,"column":88}},"7":{"start":{"line":20,"column":8},"end":{"line":20,"column":59}},"8":{"start":{"line":22,"column":8},"end":{"line":22,"column":25}},"9":{"start":{"line":23,"column":8},"end":{"line":23,"column":70}},"10":{"start":{"line":27,"column":0},"end":{"line":29,"column":1}}},"fnMap":{"0":{"name":"(anonymous_0)","decl":{"start":{"line":13,"column":16},"end":{"line":13,"column":17}},"loc":{"start":{"line":13,"column":36},"end":{"line":25,"column":1}},"line":13}},"branchMap":{"0":{"loc":{"start":{"line":16,"column":8},"end":{"line":18,"column":9}},"type":"if","locations":[{"start":{"line":16,"column":8},"end":{"line":18,"column":9}},{"start":{},"end":{}}],"line":16},"1":{"loc":{"start":{"line":16,"column":12},"end":{"line":16,"column":31}},"type":"binary-expr","locations":[{"start":{"line":16,"column":12},"end":{"line":16,"column":18}},{"start":{"line":16,"column":22},"end":{"line":16,"column":31}}],"line":16}},"s":{"0":1,"1":1,"2":0,"3":0,"4":0,"5":0,"6":0,"7":0,"8":0,"9":0,"10":1},"f":{"0":0},"b":{"0":[0,0],"1":[0,0]},"_coverageSchema":"1a1c01bbd47fc00a2c39e90264f33305004495a9","hash":"e6e9b2c4641baa298773b539f5d6d96e4d917bc6"}
,"C:\\Users\\Tyler\\repos\\sdmay23-40\\server\\api\\user\\services\\userService.js": {"path":"C:\\Users\\Tyler\\repos\\sdmay23-40\\server\\api\\user\\services\\userService.js","statementMap":{"0":{"start":{"line":1,"column":21},"end":{"line":1,"column":60}},"1":{"start":{"line":9,"column":28},"end":{"line":18,"column":1}},"2":{"start":{"line":10,"column":4},"end":{"line":17,"column":5}},"3":{"start":{"line":11,"column":22},"end":{"line":11,"column":61}},"4":{"start":{"line":12,"column":21},"end":{"line":12,"column":52}},"5":{"start":{"line":13,"column":8},"end":{"line":13,"column":19}},"6":{"start":{"line":15,"column":8},"end":{"line":15,"column":24}},"7":{"start":{"line":16,"column":8},"end":{"line":16,"column":15}},"8":{"start":{"line":25,"column":18},"end":{"line":34,"column":1}},"9":{"start":{"line":26,"column":4},"end":{"line":33,"column":5}},"10":{"start":{"line":27,"column":22},"end":{"line":27,"column":76}},"11":{"start":{"line":28,"column":21},"end":{"line":28,"column":61}},"12":{"start":{"line":29,"column":8},"end":{"line":29,"column":19}},"13":{"start":{"line":31,"column":8},"end":{"line":31,"column":26}},"14":{"start":{"line":32,"column":8},"end":{"line":32,"column":17}},"15":{"start":{"line":44,"column":17},"end":{"line":53,"column":1}},"16":{"start":{"line":45,"column":4},"end":{"line":52,"column":5}},"17":{"start":{"line":46,"column":22},"end":{"line":46,"column":103}},"18":{"start":{"line":47,"column":25},"end":{"line":47,"column":86}},"19":{"start":{"line":48,"column":8},"end":{"line":48,"column":32}},"20":{"start":{"line":50,"column":8},"end":{"line":50,"column":25}},"21":{"start":{"line":51,"column":8},"end":{"line":51,"column":15}},"22":{"start":{"line":55,"column":0},"end":{"line":59,"column":1}}},"fnMap":{"0":{"name":"(anonymous_0)","decl":{"start":{"line":9,"column":28},"end":{"line":9,"column":29}},"loc":{"start":{"line":9,"column":46},"end":{"line":18,"column":1}},"line":9},"1":{"name":"(anonymous_1)","decl":{"start":{"line":25,"column":18},"end":{"line":25,"column":19}},"loc":{"start":{"line":25,"column":45},"end":{"line":34,"column":1}},"line":25},"2":{"name":"(anonymous_2)","decl":{"start":{"line":44,"column":17},"end":{"line":44,"column":18}},"loc":{"start":{"line":44,"column":65},"end":{"line":53,"column":1}},"line":44}},"branchMap":{},"s":{"0":1,"1":1,"2":0,"3":0,"4":0,"5":0,"6":0,"7":0,"8":1,"9":0,"10":0,"11":0,"12":0,"13":0,"14":0,"15":1,"16":0,"17":0,"18":0,"19":0,"20":0,"21":0,"22":1},"f":{"0":0,"1":0,"2":0},"b":{},"_coverageSchema":"1a1c01bbd47fc00a2c39e90264f33305004495a9","hash":"a761ffe5a820c33385457ef11e2722de2a6671a9"}
,"C:\\Users\\Tyler\\repos\\sdmay23-40\\server\\test\\mock\\mockStudentUserSession.js": {"path":"C:\\Users\\Tyler\\repos\\sdmay23-40\\server\\test\\mock\\mockStudentUserSession.js","statementMap":{"0":{"start":{"line":1,"column":23},"end":{"line":12,"column":1}},"1":{"start":{"line":14,"column":25},"end":{"line":25,"column":1}},"2":{"start":{"line":27,"column":29},"end":{"line":31,"column":1}},"3":{"start":{"line":33,"column":0},"end":{"line":37,"column":1}}},"fnMap":{},"branchMap":{},"s":{"0":2,"1":2,"2":2,"3":2},"f":{},"b":{},"_coverageSchema":"1a1c01bbd47fc00a2c39e90264f33305004495a9","hash":"d383e5d460eab690e0abe41612ccc6588578c2f3"}
,"C:\\Users\\Tyler\\repos\\sdmay23-40\\server\\utils\\db_connection.js": {"path":"C:\\Users\\Tyler\\repos\\sdmay23-40\\server\\utils\\db_connection.js","statementMap":{"0":{"start":{"line":1,"column":14},"end":{"line":1,"column":30}},"1":{"start":{"line":2,"column":13},"end":{"line":2,"column":28}},"2":{"start":{"line":5,"column":15},"end":{"line":22,"column":1}},"3":{"start":{"line":6,"column":23},"end":{"line":12,"column":6}},"4":{"start":{"line":13,"column":4},"end":{"line":21,"column":6}},"5":{"start":{"line":15,"column":12},"end":{"line":16,"column":45}},"6":{"start":{"line":19,"column":12},"end":{"line":19,"column":67}},"7":{"start":{"line":24,"column":17},"end":{"line":35,"column":1}},"8":{"start":{"line":25,"column":15},"end":{"line":25,"column":23}},"9":{"start":{"line":26,"column":4},"end":{"line":34,"column":5}},"10":{"start":{"line":27,"column":27},"end":{"line":27,"column":55}},"11":{"start":{"line":28,"column":21},"end":{"line":28,"column":47}},"12":{"start":{"line":29,"column":8},"end":{"line":29,"column":20}},"13":{"start":{"line":31,"column":8},"end":{"line":31,"column":16}},"14":{"start":{"line":33,"column":8},"end":{"line":33,"column":25}},"15":{"start":{"line":37,"column":0},"end":{"line":37,"column":29}}},"fnMap":{"0":{"name":"(anonymous_0)","decl":{"start":{"line":5,"column":15},"end":{"line":5,"column":16}},"loc":{"start":{"line":5,"column":21},"end":{"line":22,"column":1}},"line":5},"1":{"name":"(anonymous_1)","decl":{"start":{"line":14,"column":8},"end":{"line":14,"column":9}},"loc":{"start":{"line":14,"column":25},"end":{"line":17,"column":9}},"line":14},"2":{"name":"(anonymous_2)","decl":{"start":{"line":18,"column":8},"end":{"line":18,"column":9}},"loc":{"start":{"line":18,"column":16},"end":{"line":20,"column":9}},"line":18},"3":{"name":"(anonymous_3)","decl":{"start":{"line":24,"column":17},"end":{"line":24,"column":18}},"loc":{"start":{"line":24,"column":43},"end":{"line":35,"column":1}},"line":24}},"branchMap":{},"s":{"0":3,"1":3,"2":3,"3":0,"4":0,"5":0,"6":0,"7":3,"8":0,"9":0,"10":0,"11":0,"12":0,"13":0,"14":0,"15":3},"f":{"0":0,"1":0,"2":0,"3":0},"b":{},"_coverageSchema":"1a1c01bbd47fc00a2c39e90264f33305004495a9","hash":"d11cda6123350f644c22c6681974a59b26b05b0e"}
,"C:\\Users\\Tyler\\repos\\sdmay23-40\\server\\utils\\permissions.js": {"path":"C:\\Users\\Tyler\\repos\\sdmay23-40\\server\\utils\\permissions.js","statementMap":{"0":{"start":{"line":1,"column":29},"end":{"line":7,"column":1}},"1":{"start":{"line":2,"column":4},"end":{"line":4,"column":5}},"2":{"start":{"line":3,"column":8},"end":{"line":3,"column":21}},"3":{"start":{"line":5,"column":21},"end":{"line":5,"column":102}},"4":{"start":{"line":5,"column":57},"end":{"line":5,"column":101}},"5":{"start":{"line":6,"column":4},"end":{"line":6,"column":64}},"6":{"start":{"line":9,"column":19},"end":{"line":15,"column":1}},"7":{"start":{"line":10,"column":4},"end":{"line":12,"column":5}},"8":{"start":{"line":11,"column":8},"end":{"line":11,"column":21}},"9":{"start":{"line":13,"column":21},"end":{"line":13,"column":102}},"10":{"start":{"line":13,"column":57},"end":{"line":13,"column":101}},"11":{"start":{"line":14,"column":4},"end":{"line":14,"column":94}},"12":{"start":{"line":17,"column":0},"end":{"line":17,"column":53}}},"fnMap":{"0":{"name":"(anonymous_0)","decl":{"start":{"line":1,"column":29},"end":{"line":1,"column":30}},"loc":{"start":{"line":1,"column":52},"end":{"line":7,"column":1}},"line":1},"1":{"name":"(anonymous_1)","decl":{"start":{"line":5,"column":47},"end":{"line":5,"column":48}},"loc":{"start":{"line":5,"column":57},"end":{"line":5,"column":101}},"line":5},"2":{"name":"(anonymous_2)","decl":{"start":{"line":9,"column":19},"end":{"line":9,"column":20}},"loc":{"start":{"line":9,"column":42},"end":{"line":15,"column":1}},"line":9},"3":{"name":"(anonymous_3)","decl":{"start":{"line":13,"column":47},"end":{"line":13,"column":48}},"loc":{"start":{"line":13,"column":57},"end":{"line":13,"column":101}},"line":13}},"branchMap":{"0":{"loc":{"start":{"line":2,"column":4},"end":{"line":4,"column":5}},"type":"if","locations":[{"start":{"line":2,"column":4},"end":{"line":4,"column":5}},{"start":{},"end":{}}],"line":2},"1":{"loc":{"start":{"line":6,"column":11},"end":{"line":6,"column":64}},"type":"binary-expr","locations":[{"start":{"line":6,"column":11},"end":{"line":6,"column":39}},{"start":{"line":6,"column":43},"end":{"line":6,"column":64}}],"line":6},"2":{"loc":{"start":{"line":10,"column":4},"end":{"line":12,"column":5}},"type":"if","locations":[{"start":{"line":10,"column":4},"end":{"line":12,"column":5}},{"start":{},"end":{}}],"line":10},"3":{"loc":{"start":{"line":14,"column":11},"end":{"line":14,"column":94}},"type":"binary-expr","locations":[{"start":{"line":14,"column":11},"end":{"line":14,"column":39}},{"start":{"line":14,"column":43},"end":{"line":14,"column":64}},{"start":{"line":14,"column":68},"end":{"line":14,"column":94}}],"line":14}},"s":{"0":2,"1":3,"2":0,"3":3,"4":3,"5":3,"6":2,"7":5,"8":0,"9":5,"10":3,"11":5,"12":2},"f":{"0":3,"1":3,"2":5,"3":3},"b":{"0":[0,3],"1":[3,1],"2":[0,5],"3":[5,5,5]},"_coverageSchema":"1a1c01bbd47fc00a2c39e90264f33305004495a9","hash":"c01868c1651941acc618449818b7e939982d4fbf"}
,"C:\\Users\\Tyler\\repos\\sdmay23-40\\server\\utils\\removePortillos.js": {"path":"C:\\Users\\Tyler\\repos\\sdmay23-40\\server\\utils\\removePortillos.js","statementMap":{"0":{"start":{"line":1,"column":26},"end":{"line":3,"column":1}},"1":{"start":{"line":2,"column":4},"end":{"line":2,"column":53}},"2":{"start":{"line":5,"column":0},"end":{"line":5,"column":39}}},"fnMap":{"0":{"name":"(anonymous_0)","decl":{"start":{"line":1,"column":26},"end":{"line":1,"column":27}},"loc":{"start":{"line":1,"column":38},"end":{"line":3,"column":1}},"line":1}},"branchMap":{},"s":{"0":1,"1":0,"2":1},"f":{"0":0},"b":{},"_coverageSchema":"1a1c01bbd47fc00a2c39e90264f33305004495a9","hash":"5fa3827ca2db687da0f129d7961f9e386bae62d6"}
,"C:\\Users\\Tyler\\repos\\sdmay23-40\\server\\websockets\\addMessage.js": {"path":"C:\\Users\\Tyler\\repos\\sdmay23-40\\server\\websockets\\addMessage.js","statementMap":{"0":{"start":{"line":1,"column":21},"end":{"line":1,"column":54}},"1":{"start":{"line":3,"column":0},"end":{"line":32,"column":1}},"2":{"start":{"line":10,"column":4},"end":{"line":31,"column":5}},"3":{"start":{"line":11,"column":22},"end":{"line":20,"column":11}},"4":{"start":{"line":21,"column":20},"end":{"line":27,"column":10}},"5":{"start":{"line":28,"column":8},"end":{"line":28,"column":27}},"6":{"start":{"line":30,"column":8},"end":{"line":30,"column":25}}},"fnMap":{"0":{"name":"(anonymous_0)","decl":{"start":{"line":3,"column":17},"end":{"line":3,"column":18}},"loc":{"start":{"line":9,"column":5},"end":{"line":32,"column":1}},"line":9}},"branchMap":{"0":{"loc":{"start":{"line":26,"column":12},"end":{"line":26,"column":28}},"type":"binary-expr","locations":[{"start":{"line":26,"column":12},"end":{"line":26,"column":20}},{"start":{"line":26,"column":24},"end":{"line":26,"column":28}}],"line":26}},"s":{"0":1,"1":1,"2":0,"3":0,"4":0,"5":0,"6":0},"f":{"0":0},"b":{"0":[0,0]},"_coverageSchema":"1a1c01bbd47fc00a2c39e90264f33305004495a9","hash":"323922ee777d1b67098ad82f517e6655d4dbb37f"}
,"C:\\Users\\Tyler\\repos\\sdmay23-40\\server\\websockets\\websockets.js": {"path":"C:\\Users\\Tyler\\repos\\sdmay23-40\\server\\websockets\\websockets.js","statementMap":{"0":{"start":{"line":1,"column":30},"end":{"line":1,"column":65}},"1":{"start":{"line":2,"column":19},"end":{"line":2,"column":42}},"2":{"start":{"line":3,"column":20},"end":{"line":3,"column":63}},"3":{"start":{"line":5,"column":19},"end":{"line":5,"column":28}},"4":{"start":{"line":6,"column":17},"end":{"line":6,"column":26}},"5":{"start":{"line":8,"column":22},"end":{"line":86,"column":1}},"6":{"start":{"line":9,"column":14},"end":{"line":9,"column":28}},"7":{"start":{"line":10,"column":14},"end":{"line":10,"column":60}},"8":{"start":{"line":11,"column":17},"end":{"line":11,"column":42}},"9":{"start":{"line":12,"column":20},"end":{"line":12,"column":48}},"10":{"start":{"line":13,"column":2},"end":{"line":16,"column":3}},"11":{"start":{"line":14,"column":4},"end":{"line":14,"column":41}},"12":{"start":{"line":15,"column":4},"end":{"line":15,"column":22}},"13":{"start":{"line":17,"column":2},"end":{"line":17,"column":36}},"14":{"start":{"line":18,"column":2},"end":{"line":25,"column":3}},"15":{"start":{"line":19,"column":4},"end":{"line":19,"column":39}},"16":{"start":{"line":20,"column":4},"end":{"line":20,"column":40}},"17":{"start":{"line":22,"column":16},"end":{"line":22,"column":39}},"18":{"start":{"line":23,"column":4},"end":{"line":23,"column":20}},"19":{"start":{"line":24,"column":4},"end":{"line":24,"column":33}},"20":{"start":{"line":26,"column":2},"end":{"line":26,"column":73}},"21":{"start":{"line":28,"column":2},"end":{"line":75,"column":4}},"22":{"start":{"line":29,"column":23},"end":{"line":29,"column":42}},"23":{"start":{"line":30,"column":4},"end":{"line":32,"column":5}},"24":{"start":{"line":31,"column":6},"end":{"line":31,"column":13}},"25":{"start":{"line":33,"column":4},"end":{"line":67,"column":5}},"26":{"start":{"line":39,"column":32},"end":{"line":39,"column":50}},"27":{"start":{"line":40,"column":23},"end":{"line":46,"column":7}},"28":{"start":{"line":47,"column":6},"end":{"line":47,"column":46}},"29":{"start":{"line":48,"column":6},"end":{"line":48,"column":61}},"30":{"start":{"line":49,"column":11},"end":{"line":67,"column":5}},"31":{"start":{"line":55,"column":10},"end":{"line":55,"column":28}},"32":{"start":{"line":56,"column":24},"end":{"line":61,"column":7}},"33":{"start":{"line":62,"column":6},"end":{"line":62,"column":44}},"34":{"start":{"line":63,"column":6},"end":{"line":63,"column":61}},"35":{"start":{"line":64,"column":6},"end":{"line":64,"column":124}},"36":{"start":{"line":64,"column":89},"end":{"line":64,"column":122}},"37":{"start":{"line":66,"column":6},"end":{"line":66,"column":13}},"38":{"start":{"line":68,"column":18},"end":{"line":68,"column":41}},"39":{"start":{"line":69,"column":4},"end":{"line":74,"column":6}},"40":{"start":{"line":70,"column":30},"end":{"line":70,"column":50}},"41":{"start":{"line":71,"column":6},"end":{"line":73,"column":7}},"42":{"start":{"line":72,"column":8},"end":{"line":72,"column":56}},"43":{"start":{"line":77,"column":2},"end":{"line":85,"column":4}},"44":{"start":{"line":78,"column":4},"end":{"line":78,"column":30}},"45":{"start":{"line":79,"column":4},"end":{"line":79,"column":43}},"46":{"start":{"line":80,"column":4},"end":{"line":83,"column":5}},"47":{"start":{"line":81,"column":6},"end":{"line":81,"column":33}},"48":{"start":{"line":82,"column":6},"end":{"line":82,"column":50}},"49":{"start":{"line":84,"column":4},"end":{"line":84,"column":47}},"50":{"start":{"line":88,"column":0},"end":{"line":91,"column":1}}},"fnMap":{"0":{"name":"(anonymous_0)","decl":{"start":{"line":8,"column":22},"end":{"line":8,"column":23}},"loc":{"start":{"line":8,"column":42},"end":{"line":86,"column":1}},"line":8},"1":{"name":"(anonymous_1)","decl":{"start":{"line":28,"column":26},"end":{"line":28,"column":27}},"loc":{"start":{"line":28,"column":45},"end":{"line":75,"column":3}},"line":28},"2":{"name":"(anonymous_2)","decl":{"start":{"line":64,"column":76},"end":{"line":64,"column":77}},"loc":{"start":{"line":64,"column":89},"end":{"line":64,"column":122}},"line":64},"3":{"name":"(anonymous_3)","decl":{"start":{"line":69,"column":18},"end":{"line":69,"column":19}},"loc":{"start":{"line":69,"column":28},"end":{"line":74,"column":5}},"line":69},"4":{"name":"(anonymous_4)","decl":{"start":{"line":77,"column":24},"end":{"line":77,"column":25}},"loc":{"start":{"line":77,"column":30},"end":{"line":85,"column":3}},"line":77}},"branchMap":{"0":{"loc":{"start":{"line":13,"column":2},"end":{"line":16,"column":3}},"type":"if","locations":[{"start":{"line":13,"column":2},"end":{"line":16,"column":3}},{"start":{},"end":{}}],"line":13},"1":{"loc":{"start":{"line":13,"column":5},"end":{"line":13,"column":26}},"type":"binary-expr","locations":[{"start":{"line":13,"column":5},"end":{"line":13,"column":12}},{"start":{"line":13,"column":16},"end":{"line":13,"column":26}}],"line":13},"2":{"loc":{"start":{"line":18,"column":2},"end":{"line":25,"column":3}},"type":"if","locations":[{"start":{"line":18,"column":2},"end":{"line":25,"column":3}},{"start":{"line":21,"column":9},"end":{"line":25,"column":3}}],"line":18},"3":{"loc":{"start":{"line":30,"column":4},"end":{"line":32,"column":5}},"type":"if","locations":[{"start":{"line":30,"column":4},"end":{"line":32,"column":5}},{"start":{},"end":{}}],"line":30},"4":{"loc":{"start":{"line":33,"column":4},"end":{"line":67,"column":5}},"type":"if","locations":[{"start":{"line":33,"column":4},"end":{"line":67,"column":5}},{"start":{"line":49,"column":11},"end":{"line":67,"column":5}}],"line":33},"5":{"loc":{"start":{"line":49,"column":11},"end":{"line":67,"column":5}},"type":"if","locations":[{"start":{"line":49,"column":11},"end":{"line":67,"column":5}},{"start":{"line":65,"column":11},"end":{"line":67,"column":5}}],"line":49},"6":{"loc":{"start":{"line":71,"column":6},"end":{"line":73,"column":7}},"type":"if","locations":[{"start":{"line":71,"column":6},"end":{"line":73,"column":7}},{"start":{},"end":{}}],"line":71},"7":{"loc":{"start":{"line":80,"column":4},"end":{"line":83,"column":5}},"type":"if","locations":[{"start":{"line":80,"column":4},"end":{"line":83,"column":5}},{"start":{},"end":{}}],"line":80}},"s":{"0":1,"1":1,"2":1,"3":1,"4":1,"5":1,"6":0,"7":0,"8":0,"9":0,"10":0,"11":0,"12":0,"13":0,"14":0,"15":0,"16":0,"17":0,"18":0,"19":0,"20":0,"21":0,"22":0,"23":0,"24":0,"25":0,"26":0,"27":0,"28":0,"29":0,"30":0,"31":0,"32":0,"33":0,"34":0,"35":0,"36":0,"37":0,"38":0,"39":0,"40":0,"41":0,"42":0,"43":0,"44":0,"45":0,"46":0,"47":0,"48":0,"49":0,"50":1},"f":{"0":0,"1":0,"2":0,"3":0,"4":0},"b":{"0":[0,0],"1":[0,0],"2":[0,0],"3":[0,0],"4":[0,0],"5":[0,0],"6":[0,0],"7":[0,0]},"_coverageSchema":"1a1c01bbd47fc00a2c39e90264f33305004495a9","hash":"07ec4e6ca05c8a3ff5fe4b5bcc947236bf2e5b2e"}
}
