TN:
SF:api\health\getHealthCheck.js
FN:1,(anonymous_0)
FNF:1
FNH:1
FNDA:1,(anonymous_0)
DA:1,1
DA:2,1
DA:5,1
LF:3
LH:3
BRF:0
BRH:0
end_of_record
TN:
SF:api\lecture\addLecture.js
FN:14,(anonymous_0)
FNF:1
FNH:1
FNDA:4,(anonymous_0)
DA:1,1
DA:2,1
DA:14,1
DA:15,4
DA:16,4
DA:17,4
DA:18,1
DA:20,3
DA:21,1
DA:23,2
DA:24,1
DA:26,1
DA:27,1
DA:31,1
LF:14
LH:14
BRDA:17,0,0,1
BRDA:17,0,1,3
BRDA:17,1,0,4
BRDA:17,1,1,4
BRDA:20,2,0,1
BRDA:20,2,1,2
BRF:6
BRH:6
end_of_record
TN:
SF:api\lecture\getLecture.js
FN:16,(anonymous_0)
FN:37,(anonymous_1)
FNF:2
FNH:2
FNDA:4,(anonymous_0)
FNDA:3,(anonymous_1)
DA:1,1
DA:2,1
DA:3,1
DA:16,1
DA:17,4
DA:18,4
DA:19,4
DA:20,1
DA:22,3
DA:23,1
DA:25,2
DA:26,1
DA:32,1
DA:33,1
DA:37,1
DA:38,3
DA:39,3
DA:40,1
DA:42,2
DA:43,1
DA:45,1
DA:48,1
LF:22
LH:22
BRDA:19,0,0,1
BRDA:19,0,1,3
BRDA:19,1,0,4
BRDA:19,1,1,3
BRDA:22,2,0,1
BRDA:22,2,1,2
BRDA:39,3,0,1
BRDA:39,3,1,2
BRDA:39,4,0,3
BRDA:39,4,1,2
BRDA:42,5,0,1
BRDA:42,5,1,1
BRF:12
BRH:12
end_of_record
TN:
SF:api\lecture\services\lectureService.js
FN:9,(anonymous_0)
FN:26,(anonymous_1)
FNF:2
FNH:2
FNDA:2,(anonymous_0)
FNDA:2,(anonymous_1)
DA:1,3
DA:9,3
DA:10,2
DA:11,2
DA:12,2
DA:13,1
DA:15,1
DA:16,1
DA:26,3
DA:27,2
DA:28,2
DA:29,2
DA:30,1
DA:32,1
DA:33,1
DA:37,3
LF:16
LH:16
BRF:0
BRH:0
end_of_record
TN:
SF:api\poll\services\pollService.js
FN:13,(anonymous_0)
FN:51,(anonymous_1)
FN:71,(anonymous_2)
FNF:3
FNH:0
FNDA:0,(anonymous_0)
FNDA:0,(anonymous_1)
FNDA:0,(anonymous_2)
DA:1,1
DA:2,1
DA:13,1
DA:14,0
DA:15,0
DA:29,0
DA:30,0
DA:31,0
DA:32,0
DA:33,0
DA:34,0
DA:35,0
DA:37,0
DA:42,0
DA:51,1
DA:52,0
DA:63,0
DA:64,0
DA:71,1
DA:72,0
DA:73,0
DA:76,1
LF:22
LH:6
BRF:0
BRH:0
end_of_record
TN:
SF:api\user\addUser.js
FN:13,(anonymous_0)
FNF:1
FNH:0
FNDA:0,(anonymous_0)
DA:1,1
DA:13,1
DA:14,0
DA:15,0
DA:16,0
DA:17,0
DA:19,0
DA:20,0
DA:22,0
DA:23,0
DA:27,1
LF:11
LH:3
BRDA:16,0,0,0
BRDA:16,0,1,0
BRDA:16,1,0,0
BRDA:16,1,1,0
BRF:4
BRH:0
end_of_record
TN:
SF:api\user\services\userService.js
FN:9,(anonymous_0)
FN:25,(anonymous_1)
FN:44,(anonymous_2)
FNF:3
FNH:0
FNDA:0,(anonymous_0)
FNDA:0,(anonymous_1)
FNDA:0,(anonymous_2)
DA:1,1
DA:9,1
DA:10,0
DA:11,0
DA:12,0
DA:13,0
DA:15,0
DA:16,0
DA:25,1
DA:26,0
DA:27,0
DA:28,0
DA:29,0
DA:31,0
DA:32,0
DA:44,1
DA:45,0
DA:46,0
DA:47,0
DA:48,0
DA:50,0
DA:51,0
DA:55,1
LF:23
LH:5
BRF:0
BRH:0
end_of_record
TN:
SF:test\mock\mockStudentUserSession.js
FNF:0
FNH:0
DA:1,2
DA:14,2
DA:27,2
DA:33,2
LF:4
LH:4
BRF:0
BRH:0
end_of_record
TN:
SF:utils\db_connection.js
FN:5,(anonymous_0)
FN:14,(anonymous_1)
FN:18,(anonymous_2)
FN:24,(anonymous_3)
FNF:4
FNH:0
FNDA:0,(anonymous_0)
FNDA:0,(anonymous_1)
FNDA:0,(anonymous_2)
FNDA:0,(anonymous_3)
DA:1,3
DA:2,3
DA:5,3
DA:6,0
DA:13,0
DA:15,0
DA:19,0
DA:24,3
DA:25,0
DA:26,0
DA:27,0
DA:28,0
DA:29,0
DA:31,0
DA:33,0
DA:37,3
LF:16
LH:5
BRF:0
BRH:0
end_of_record
TN:
SF:utils\permissions.js
FN:1,(anonymous_0)
FN:5,(anonymous_1)
FN:9,(anonymous_2)
FN:13,(anonymous_3)
FNF:4
FNH:4
FNDA:3,(anonymous_0)
FNDA:3,(anonymous_1)
FNDA:5,(anonymous_2)
FNDA:3,(anonymous_3)
DA:1,2
DA:2,3
DA:3,0
DA:5,3
DA:6,3
DA:9,2
DA:10,5
DA:11,0
DA:13,5
DA:14,5
DA:17,2
LF:11
LH:9
BRDA:2,0,0,0
BRDA:2,0,1,3
BRDA:6,1,0,3
BRDA:6,1,1,1
BRDA:10,2,0,0
BRDA:10,2,1,5
BRDA:14,3,0,5
BRDA:14,3,1,5
BRDA:14,3,2,5
BRF:9
BRH:7
end_of_record
TN:
SF:utils\removePortillos.js
FN:1,(anonymous_0)
FNF:1
FNH:0
FNDA:0,(anonymous_0)
DA:1,1
DA:2,0
DA:5,1
LF:3
LH:2
BRF:0
BRH:0
end_of_record
TN:
SF:websockets\addMessage.js
FN:3,(anonymous_0)
FNF:1
FNH:0
FNDA:0,(anonymous_0)
DA:1,1
DA:3,1
DA:10,0
DA:11,0
DA:21,0
DA:28,0
DA:30,0
LF:7
LH:2
BRDA:26,0,0,0
BRDA:26,0,1,0
BRF:2
BRH:0
end_of_record
TN:
SF:websockets\websockets.js
FN:8,(anonymous_0)
FN:28,(anonymous_1)
FN:64,(anonymous_2)
FN:69,(anonymous_3)
FN:77,(anonymous_4)
FNF:5
FNH:0
FNDA:0,(anonymous_0)
FNDA:0,(anonymous_1)
FNDA:0,(anonymous_2)
FNDA:0,(anonymous_3)
FNDA:0,(anonymous_4)
DA:1,1
DA:2,1
DA:3,1
DA:5,1
DA:6,1
DA:8,1
DA:9,0
DA:10,0
DA:11,0
DA:12,0
DA:13,0
DA:14,0
DA:15,0
DA:17,0
DA:18,0
DA:19,0
DA:20,0
DA:22,0
DA:23,0
DA:24,0
DA:26,0
DA:28,0
DA:29,0
DA:30,0
DA:31,0
DA:33,0
DA:39,0
DA:40,0
DA:47,0
DA:48,0
DA:49,0
DA:55,0
DA:56,0
DA:62,0
DA:63,0
DA:64,0
DA:66,0
DA:68,0
DA:69,0
DA:70,0
DA:71,0
DA:72,0
DA:77,0
DA:78,0
DA:79,0
DA:80,0
DA:81,0
DA:82,0
DA:84,0
DA:88,1
LF:50
LH:7
BRDA:13,0,0,0
BRDA:13,0,1,0
BRDA:13,1,0,0
BRDA:13,1,1,0
BRDA:18,2,0,0
BRDA:18,2,1,0
BRDA:30,3,0,0
BRDA:30,3,1,0
BRDA:33,4,0,0
BRDA:33,4,1,0
BRDA:49,5,0,0
BRDA:49,5,1,0
BRDA:71,6,0,0
BRDA:71,6,1,0
BRDA:80,7,0,0
BRDA:80,7,1,0
BRF:16
BRH:0
end_of_record
